# JRE version: OpenJDK Runtime Environment Temurin-21.0.7+6 (21.0.7+6) (build 21.0.7+6-LTS)
# Java VM: OpenJDK 64-Bit Server VM Temurin-21.0.7+6 (21.0.7+6-LTS, mixed mode, sharing, tiered, compressed oops, compressed class ptrs, parallel gc, windows-amd64)
GC Precious Log:
 CardTable entry size: 512
 CPUs: 16 total, 16 available
 Memory: 7812M
 Large Page Support: Disabled
 NUMA Support: Disabled
 Compressed Oops: Enabled (32-bit)
 Alignments: Space 512K, Generation 512K, Heap 2M
 Heap Min Capacity: 100M
 Heap Initial Capacity: 100M
 Heap Max Capacity: 2G
 Pre-touch: Disabled
 Parallel Workers: 13
Heap:
 PSYoungGen      total 5120K, used 744K [0x00000000d5580000, 0x00000000d5c00000, 0x0000000100000000)
  eden space 4096K, 0% used [0x00000000d5580000,0x00000000d5580000,0x00000000d5980000)
  from space 1024K, 72% used [0x00000000d5b00000,0x00000000d5bba010,0x00000000d5c00000)
  to   space 1024K, 0% used [0x00000000d5a00000,0x00000000d5a00000,0x00000000d5b00000)
 ParOldGen       total 924672K, used 924361K [0x0000000080000000, 0x00000000b8700000, 0x00000000d5580000)
  object space 924672K, 99% used [0x0000000080000000,0x00000000b86b2538,0x00000000b8700000)
 Metaspace       used 75269K, committed 76800K, reserved 1179648K
  class space    used 7551K, committed 8256K, reserved 1048576K
GC Heap History (20 events):
Event: 1711.026 GC heap after
{Heap after GC invocations=904 (full 3):
 PSYoungGen      total 3072K, used 480K [0x00000000d5580000, 0x00000000d5d00000, 0x0000000100000000)
  eden space 2560K, 0% used [0x00000000d5580000,0x00000000d5580000,0x00000000d5800000)
  from space 512K, 93% used [0x00000000d5800000,0x00000000d5878000,0x00000000d5880000)
  to   space 2048K, 0% used [0x00000000d5b00000,0x00000000d5b00000,0x00000000d5d00000)
 ParOldGen       total 919040K, used 919003K [0x0000000080000000, 0x00000000b8180000, 0x00000000d5580000)
  object space 919040K, 99% used [0x0000000080000000,0x00000000b8176ca0,0x00000000b8180000)
 Metaspace       used 75235K, committed 76736K, reserved 1179648K
  class space    used 7551K, committed 8256K, reserved 1048576K
}
Event: 1711.283 GC heap before
{Heap before GC invocations=905 (full 3):
 PSYoungGen      total 3072K, used 3035K [0x00000000d5580000, 0x00000000d5d00000, 0x0000000100000000)
  eden space 2560K, 99% used [0x00000000d5580000,0x00000000d57feed0,0x00000000d5800000)
  from space 512K, 93% used [0x00000000d5800000,0x00000000d5878000,0x00000000d5880000)
  to   space 2048K, 0% used [0x00000000d5b00000,0x00000000d5b00000,0x00000000d5d00000)
 ParOldGen       total 919040K, used 919003K [0x0000000080000000, 0x00000000b8180000, 0x00000000d5580000)
  object space 919040K, 99% used [0x0000000080000000,0x00000000b8176ca0,0x00000000b8180000)
 Metaspace       used 75235K, committed 76736K, reserved 1179648K
  class space    used 7551K, committed 8256K, reserved 1048576K
}
Event: 1711.287 GC heap after
{Heap after GC invocations=905 (full 3):
 PSYoungGen      total 3072K, used 192K [0x00000000d5580000, 0x00000000d5b80000, 0x0000000100000000)
  eden space 2560K, 0% used [0x00000000d5580000,0x00000000d5580000,0x00000000d5800000)
  from space 512K, 37% used [0x00000000d5b00000,0x00000000d5b30000,0x00000000d5b80000)
  to   space 1024K, 0% used [0x00000000d5980000,0x00000000d5980000,0x00000000d5a80000)
 ParOldGen       total 919040K, used 919027K [0x0000000080000000, 0x00000000b8180000, 0x00000000d5580000)
  object space 919040K, 99% used [0x0000000080000000,0x00000000b817cca0,0x00000000b8180000)
 Metaspace       used 75235K, committed 76736K, reserved 1179648K
  class space    used 7551K, committed 8256K, reserved 1048576K
}
Event: 1711.563 GC heap before
{Heap before GC invocations=906 (full 3):
 PSYoungGen      total 3072K, used 2751K [0x00000000d5580000, 0x00000000d5b80000, 0x0000000100000000)
  eden space 2560K, 99% used [0x00000000d5580000,0x00000000d57ffff0,0x00000000d5800000)
  from space 512K, 37% used [0x00000000d5b00000,0x00000000d5b30000,0x00000000d5b80000)
  to   space 1024K, 0% used [0x00000000d5980000,0x00000000d5980000,0x00000000d5a80000)
 ParOldGen       total 919040K, used 919027K [0x0000000080000000, 0x00000000b8180000, 0x00000000d5580000)
  object space 919040K, 99% used [0x0000000080000000,0x00000000b817cca0,0x00000000b8180000)
 Metaspace       used 75239K, committed 76736K, reserved 1179648K
  class space    used 7551K, committed 8256K, reserved 1048576K
}
Event: 1711.564 GC heap after
{Heap after GC invocations=906 (full 3):
 PSYoungGen      total 3584K, used 320K [0x00000000d5580000, 0x00000000d5b80000, 0x0000000100000000)
  eden space 2560K, 0% used [0x00000000d5580000,0x00000000d5580000,0x00000000d5800000)
  from space 1024K, 31% used [0x00000000d5980000,0x00000000d59d0000,0x00000000d5a80000)
  to   space 512K, 0% used [0x00000000d5b00000,0x00000000d5b00000,0x00000000d5b80000)
 ParOldGen       total 919552K, used 919059K [0x0000000080000000, 0x00000000b8200000, 0x00000000d5580000)
  object space 919552K, 99% used [0x0000000080000000,0x00000000b8184ca0,0x00000000b8200000)
 Metaspace       used 75239K, committed 76736K, reserved 1179648K
  class space    used 7551K, committed 8256K, reserved 1048576K
}
Event: 1711.890 GC heap before
{Heap before GC invocations=907 (full 3):
 PSYoungGen      total 3584K, used 2880K [0x00000000d5580000, 0x00000000d5b80000, 0x0000000100000000)
  eden space 2560K, 100% used [0x00000000d5580000,0x00000000d5800000,0x00000000d5800000)
  from space 1024K, 31% used [0x00000000d5980000,0x00000000d59d0000,0x00000000d5a80000)
  to   space 512K, 0% used [0x00000000d5b00000,0x00000000d5b00000,0x00000000d5b80000)
 ParOldGen       total 919552K, used 919059K [0x0000000080000000, 0x00000000b8200000, 0x00000000d5580000)
  object space 919552K, 99% used [0x0000000080000000,0x00000000b8184ca0,0x00000000b8200000)
 Metaspace       used 75244K, committed 76736K, reserved 1179648K
  class space    used 7551K, committed 8256K, reserved 1048576K
}
Event: 1711.894 GC heap after
{Heap after GC invocations=907 (full 3):
 PSYoungGen      total 3072K, used 384K [0x00000000d5580000, 0x00000000d5b80000, 0x0000000100000000)
  eden space 2560K, 0% used [0x00000000d5580000,0x00000000d5580000,0x00000000d5800000)
  from space 512K, 75% used [0x00000000d5b00000,0x00000000d5b60000,0x00000000d5b80000)
  to   space 512K, 0% used [0x00000000d5a80000,0x00000000d5a80000,0x00000000d5b00000)
 ParOldGen       total 919552K, used 919129K [0x0000000080000000, 0x00000000b8200000, 0x00000000d5580000)
  object space 919552K, 99% used [0x0000000080000000,0x00000000b81966e0,0x00000000b8200000)
 Metaspace       used 75244K, committed 76736K, reserved 1179648K
  class space    used 7551K, committed 8256K, reserved 1048576K
}
Event: 1711.968 GC heap before
{Heap before GC invocations=908 (full 3):
 PSYoungGen      total 3072K, used 2940K [0x00000000d5580000, 0x00000000d5b80000, 0x0000000100000000)
  eden space 2560K, 99% used [0x00000000d5580000,0x00000000d57ff390,0x00000000d5800000)
  from space 512K, 75% used [0x00000000d5b00000,0x00000000d5b60000,0x00000000d5b80000)
  to   space 512K, 0% used [0x00000000d5a80000,0x00000000d5a80000,0x00000000d5b00000)
 ParOldGen       total 919552K, used 919129K [0x0000000080000000, 0x00000000b8200000, 0x00000000d5580000)
  object space 919552K, 99% used [0x0000000080000000,0x00000000b81966e0,0x00000000b8200000)
 Metaspace       used 75244K, committed 76736K, reserved 1179648K
  class space    used 7551K, committed 8256K, reserved 1048576K
}
Event: 1711.972 GC heap after
{Heap after GC invocations=908 (full 3):
 PSYoungGen      total 3072K, used 320K [0x00000000d5580000, 0x00000000d5b80000, 0x0000000100000000)
  eden space 2560K, 0% used [0x00000000d5580000,0x00000000d5580000,0x00000000d5800000)
  from space 512K, 62% used [0x00000000d5a80000,0x00000000d5ad0000,0x00000000d5b00000)
  to   space 512K, 0% used [0x00000000d5b00000,0x00000000d5b00000,0x00000000d5b80000)
 ParOldGen       total 919552K, used 919425K [0x0000000080000000, 0x00000000b8200000, 0x00000000d5580000)
  object space 919552K, 99% used [0x0000000080000000,0x00000000b81e06f0,0x00000000b8200000)
 Metaspace       used 75244K, committed 76736K, reserved 1179648K
  class space    used 7551K, committed 8256K, reserved 1048576K
}
Event: 1712.038 GC heap before
{Heap before GC invocations=909 (full 3):
 PSYoungGen      total 3072K, used 2781K [0x00000000d5580000, 0x00000000d5b80000, 0x0000000100000000)
  eden space 2560K, 96% used [0x00000000d5580000,0x00000000d57e74f8,0x00000000d5800000)
  from space 512K, 62% used [0x00000000d5a80000,0x00000000d5ad0000,0x00000000d5b00000)
  to   space 512K, 0% used [0x00000000d5b00000,0x00000000d5b00000,0x00000000d5b80000)
 ParOldGen       total 919552K, used 919425K [0x0000000080000000, 0x00000000b8200000, 0x00000000d5580000)
  object space 919552K, 99% used [0x0000000080000000,0x00000000b81e06f0,0x00000000b8200000)
 Metaspace       used 75244K, committed 76736K, reserved 1179648K
  class space    used 7551K, committed 8256K, reserved 1048576K
}
Event: 1712.040 GC heap after
{Heap after GC invocations=909 (full 3):
 PSYoungGen      total 3072K, used 481K [0x00000000d5580000, 0x00000000d5b80000, 0x0000000100000000)
  eden space 2560K, 0% used [0x00000000d5580000,0x00000000d5580000,0x00000000d5800000)
  from space 512K, 93% used [0x00000000d5b00000,0x00000000d5b78448,0x00000000d5b80000)
  to   space 1024K, 0% used [0x00000000d5980000,0x00000000d5980000,0x00000000d5a80000)
 ParOldGen       total 919552K, used 919497K [0x0000000080000000, 0x00000000b8200000, 0x00000000d5580000)
  object space 919552K, 99% used [0x0000000080000000,0x00000000b81f26f0,0x00000000b8200000)
 Metaspace       used 75244K, committed 76736K, reserved 1179648K
  class space    used 7551K, committed 8256K, reserved 1048576K
}
Event: 1712.045 GC heap before
{Heap before GC invocations=910 (full 3):
 PSYoungGen      total 3072K, used 3041K [0x00000000d5580000, 0x00000000d5b80000, 0x0000000100000000)
  eden space 2560K, 99% used [0x00000000d5580000,0x00000000d57ffff8,0x00000000d5800000)
  from space 512K, 93% used [0x00000000d5b00000,0x00000000d5b78448,0x00000000d5b80000)
  to   space 1024K, 0% used [0x00000000d5980000,0x00000000d5980000,0x00000000d5a80000)
 ParOldGen       total 919552K, used 919497K [0x0000000080000000, 0x00000000b8200000, 0x00000000d5580000)
  object space 919552K, 99% used [0x0000000080000000,0x00000000b81f26f0,0x00000000b8200000)
 Metaspace       used 75244K, committed 76736K, reserved 1179648K
  class space    used 7551K, committed 8256K, reserved 1048576K
}
Event: 1712.049 GC heap after
{Heap after GC invocations=910 (full 3):
 PSYoungGen      total 3584K, used 993K [0x00000000d5580000, 0x00000000d5e00000, 0x0000000100000000)
  eden space 2560K, 0% used [0x00000000d5580000,0x00000000d5580000,0x00000000d5800000)
  from space 1024K, 96% used [0x00000000d5980000,0x00000000d5a78448,0x00000000d5a80000)
  to   space 3072K, 0% used [0x00000000d5b00000,0x00000000d5b00000,0x00000000d5e00000)
 ParOldGen       total 921088K, used 921009K [0x0000000080000000, 0x00000000b8380000, 0x00000000d5580000)
  object space 921088K, 99% used [0x0000000080000000,0x00000000b836c588,0x00000000b8380000)
 Metaspace       used 75244K, committed 76736K, reserved 1179648K
  class space    used 7551K, committed 8256K, reserved 1048576K
}
Event: 1712.055 GC heap before
{Heap before GC invocations=911 (full 3):
 PSYoungGen      total 3584K, used 3553K [0x00000000d5580000, 0x00000000d5e00000, 0x0000000100000000)
  eden space 2560K, 100% used [0x00000000d5580000,0x00000000d5800000,0x00000000d5800000)
  from space 1024K, 96% used [0x00000000d5980000,0x00000000d5a78448,0x00000000d5a80000)
  to   space 3072K, 0% used [0x00000000d5b00000,0x00000000d5b00000,0x00000000d5e00000)
 ParOldGen       total 921088K, used 921009K [0x0000000080000000, 0x00000000b8380000, 0x00000000d5580000)
  object space 921088K, 99% used [0x0000000080000000,0x00000000b836c588,0x00000000b8380000)
 Metaspace       used 75244K, committed 76736K, reserved 1179648K
  class space    used 7551K, committed 8256K, reserved 1048576K
}
Event: 1712.060 GC heap after
{Heap after GC invocations=911 (full 3):
 PSYoungGen      total 5632K, used 1984K [0x00000000d5580000, 0x00000000d5d80000, 0x0000000100000000)
  eden space 3072K, 0% used [0x00000000d5580000,0x00000000d5580000,0x00000000d5880000)
  from space 2560K, 77% used [0x00000000d5b00000,0x00000000d5cf0000,0x00000000d5d80000)
  to   space 2560K, 0% used [0x00000000d5880000,0x00000000d5880000,0x00000000d5b00000)
 ParOldGen       total 922112K, used 922058K [0x0000000080000000, 0x00000000b8480000, 0x00000000d5580000)
  object space 922112K, 99% used [0x0000000080000000,0x00000000b84729d0,0x00000000b8480000)
 Metaspace       used 75244K, committed 76736K, reserved 1179648K
  class space    used 7551K, committed 8256K, reserved 1048576K
}
Event: 1712.065 GC heap before
{Heap before GC invocations=912 (full 3):
 PSYoungGen      total 5632K, used 5056K [0x00000000d5580000, 0x00000000d5d80000, 0x0000000100000000)
  eden space 3072K, 100% used [0x00000000d5580000,0x00000000d5880000,0x00000000d5880000)
  from space 2560K, 77% used [0x00000000d5b00000,0x00000000d5cf0000,0x00000000d5d80000)
  to   space 2560K, 0% used [0x00000000d5880000,0x00000000d5880000,0x00000000d5b00000)
 ParOldGen       total 922112K, used 922058K [0x0000000080000000, 0x00000000b8480000, 0x00000000d5580000)
  object space 922112K, 99% used [0x0000000080000000,0x00000000b84729d0,0x00000000b8480000)
 Metaspace       used 75247K, committed 76736K, reserved 1179648K
  class space    used 7551K, committed 8256K, reserved 1048576K
}
Event: 1712.069 GC heap after
{Heap after GC invocations=912 (full 3):
 PSYoungGen      total 5632K, used 864K [0x00000000d5580000, 0x00000000d5c80000, 0x0000000100000000)
  eden space 3072K, 0% used [0x00000000d5580000,0x00000000d5580000,0x00000000d5880000)
  from space 2560K, 33% used [0x00000000d5880000,0x00000000d5958000,0x00000000d5b00000)
  to   space 1536K, 0% used [0x00000000d5b00000,0x00000000d5b00000,0x00000000d5c80000)
 ParOldGen       total 924160K, used 923714K [0x0000000080000000, 0x00000000b8680000, 0x00000000d5580000)
  object space 924160K, 99% used [0x0000000080000000,0x00000000b86109d0,0x00000000b8680000)
 Metaspace       used 75247K, committed 76736K, reserved 1179648K
  class space    used 7551K, committed 8256K, reserved 1048576K
}
Event: 1712.081 GC heap before
{Heap before GC invocations=913 (full 3):
 PSYoungGen      total 5632K, used 2698K [0x00000000d5580000, 0x00000000d5c80000, 0x0000000100000000)
  eden space 3072K, 59% used [0x00000000d5580000,0x00000000d574ab00,0x00000000d5880000)
  from space 2560K, 33% used [0x00000000d5880000,0x00000000d5958000,0x00000000d5b00000)
  to   space 1536K, 0% used [0x00000000d5b00000,0x00000000d5b00000,0x00000000d5c80000)
 ParOldGen       total 924160K, used 923714K [0x0000000080000000, 0x00000000b8680000, 0x00000000d5580000)
  object space 924160K, 99% used [0x0000000080000000,0x00000000b86109d0,0x00000000b8680000)
 Metaspace       used 75269K, committed 76800K, reserved 1179648K
  class space    used 7551K, committed 8256K, reserved 1048576K
}
Event: 1712.083 GC heap after
{Heap after GC invocations=913 (full 3):
 PSYoungGen      total 5120K, used 744K [0x00000000d5580000, 0x00000000d5c00000, 0x0000000100000000)
  eden space 4096K, 0% used [0x00000000d5580000,0x00000000d5580000,0x00000000d5980000)
  from space 1024K, 72% used [0x00000000d5b00000,0x00000000d5bba010,0x00000000d5c00000)
  to   space 1024K, 0% used [0x00000000d5a00000,0x00000000d5a00000,0x00000000d5b00000)
 ParOldGen       total 924672K, used 924361K [0x0000000080000000, 0x00000000b8700000, 0x00000000d5580000)
  object space 924672K, 99% used [0x0000000080000000,0x00000000b86b2538,0x00000000b8700000)
 Metaspace       used 75269K, committed 76800K, reserved 1179648K
  class space    used 7551K, committed 8256K, reserved 1048576K
}
Event: 1712.083 GC heap before
{Heap before GC invocations=914 (full 4):
 PSYoungGen      total 5120K, used 744K [0x00000000d5580000, 0x00000000d5c00000, 0x0000000100000000)
  eden space 4096K, 0% used [0x00000000d5580000,0x00000000d5580000,0x00000000d5980000)
  from space 1024K, 72% used [0x00000000d5b00000,0x00000000d5bba010,0x00000000d5c00000)
  to   space 1024K, 0% used [0x00000000d5a00000,0x00000000d5a00000,0x00000000d5b00000)
 ParOldGen       total 924672K, used 924361K [0x0000000080000000, 0x00000000b8700000, 0x00000000d5580000)
  object space 924672K, 99% used [0x0000000080000000,0x00000000b86b2538,0x00000000b8700000)
 Metaspace       used 75269K, committed 76800K, reserved 1179648K
  class space    used 7551K, committed 8256K, reserved 1048576K
}

